<?xml version="1.0" encoding="UTF-8"?>
<!-- Generated by org.testng.reporters.JUnitReportReporter -->
<testsuite skipped="0" hostname="DB-LP-05-Pratik-Shinde" name="com.eBanking.testCases.TC_LoginTest_001" tests="1" failures="0" timestamp="13 Oct 2021 18:06:01 GMT" time="2.659" errors="0">
  <testcase name="LoginTest" time="2.659" classname="com.eBanking.testCases.TC_LoginTest_001"/>
</testsuite> <!-- com.eBanking.testCases.TC_LoginTest_001 -->
