<?xml version="1.0" encoding="UTF-8"?>
<!-- Generated by org.testng.reporters.JUnitReportReporter -->
<testsuite skipped="0" hostname="DESKTOP-V18LHA0" name="com.eBanking.testCases.TC_addCustomerTest_003" tests="1" failures="0" timestamp="17 Nov 2021 15:29:55 GMT" time="5.539" errors="0">
  <testcase name="addCustomer" time="5.539" classname="com.eBanking.testCases.TC_addCustomerTest_003"/>
</testsuite> <!-- com.eBanking.testCases.TC_addCustomerTest_003 -->
