<?xml version="1.0" encoding="UTF-8"?>
<!-- Generated by org.testng.reporters.JUnitReportReporter -->
<testsuite skipped="0" hostname="DESKTOP-V18LHA0" name="com.eBanking.testCases.TC_addCustomerTest_003" tests="1" failures="0" timestamp="2021-11-18T10:15:13 IST" time="4.472" errors="0">
  <testcase name="addCustomer" time="4.472" classname="com.eBanking.testCases.TC_addCustomerTest_003"/>
  <system-out/>
</testsuite> <!-- com.eBanking.testCases.TC_addCustomerTest_003 -->
